2025-10-13 12:41:57,351 - __main__ - INFO - Starting comprehensive validation tests...
2025-10-13 12:41:57,351 - __main__ - INFO - Running Integration Tests...
2025-10-13 12:41:58,205 - __main__ - INFO - Running Performance Tests...
2025-10-13 12:41:59,618 - __main__ - INFO - Running Security Tests...
2025-10-13 12:42:00,335 - __main__ - INFO - Running End-to-End Tests...
2025-10-13 12:42:00,937 - __main__ - INFO - Running Monitoring Tests...
2025-10-13 12:42:01,210 - __main__ - INFO - Running Phase Validation Tests...
2025-10-13 12:42:01,813 - __main__ - INFO - Comprehensive validation tests completed
2025-10-13 12:42:01,813 - __main__ - ERROR - Error running comprehensive validation: 'charmap' codec can't encode character '\u2713' in position 17: character maps to <undefined>
2025-10-13 12:46:31,661 - __main__ - INFO - Starting comprehensive validation tests...
2025-10-13 12:46:31,661 - __main__ - INFO - Running Integration Tests...
2025-10-13 12:46:32,279 - __main__ - ERROR - FAILED Integration Tests: 0 tests failed
2025-10-13 12:46:32,279 - __main__ - INFO - Running Performance Tests...
2025-10-13 12:46:33,609 - __main__ - ERROR - FAILED Performance Tests: 0 tests failed
2025-10-13 12:46:33,609 - __main__ - INFO - Running Security Tests...
2025-10-13 12:46:34,238 - __main__ - ERROR - FAILED Security Tests: 0 tests failed
2025-10-13 12:46:34,238 - __main__ - INFO - Running End-to-End Tests...
2025-10-13 12:46:34,897 - __main__ - ERROR - FAILED End-to-End Tests: 0 tests failed
2025-10-13 12:46:34,897 - __main__ - INFO - Running Monitoring Tests...
2025-10-13 12:46:35,104 - __main__ - INFO - PASSED Monitoring Tests: 6 tests passed
2025-10-13 12:46:35,104 - __main__ - INFO - Running Phase Validation Tests...
2025-10-13 12:46:35,719 - __main__ - ERROR - FAILED Phase Validation Tests: 0 tests failed
2025-10-13 12:46:35,720 - __main__ - INFO - Comprehensive validation tests completed
2025-10-13 12:46:35,722 - __main__ - INFO - Comprehensive validation completed: 26.1% success rate
2025-10-13 12:48:20,248 - __main__ - INFO - Starting comprehensive validation tests...
2025-10-13 12:48:20,249 - __main__ - INFO - Running Integration Tests...
2025-10-13 12:48:20,249 - __main__ - INFO - Testing core component imports...
2025-10-13 12:48:20,267 - __main__ - ERROR - FAILED Integration Tests: 3 tests failed
2025-10-13 12:48:20,267 - __main__ - INFO - Running Performance Tests...
2025-10-13 12:48:20,267 - __main__ - INFO - Testing system performance...
2025-10-13 12:48:20,967 - __main__ - ERROR - FAILED Performance Tests: 2 tests failed
2025-10-13 12:48:20,967 - __main__ - INFO - Running Security Tests...
2025-10-13 12:48:20,967 - __main__ - INFO - Testing security components...
2025-10-13 12:48:20,975 - __main__ - INFO - PASSED Security Tests: 3 tests passed
2025-10-13 12:48:20,975 - __main__ - INFO - Running End-to-End Tests...
2025-10-13 12:48:20,975 - __main__ - INFO - Testing end-to-end system integration...
2025-10-13 12:48:20,986 - __main__ - ERROR - FAILED End-to-End Tests: 3 tests failed
2025-10-13 12:48:20,986 - __main__ - INFO - Running Monitoring Tests...
2025-10-13 12:48:21,017 - __main__ - INFO - PASSED Monitoring Tests: 6 tests passed
2025-10-13 12:48:21,017 - __main__ - INFO - Running Phase Validation Tests...
2025-10-13 12:48:21,017 - __main__ - INFO - Testing phase validation components...
2025-10-13 12:48:22,540 - __main__ - ERROR - FAILED Phase Validation Tests: 3 tests failed
2025-10-13 12:48:22,540 - __main__ - INFO - Comprehensive validation tests completed
2025-10-13 12:48:22,541 - __main__ - INFO - Comprehensive validation completed: 42.9% success rate
2025-10-13 13:00:58,150 - __main__ - INFO - Starting comprehensive validation tests...
2025-10-13 13:00:58,151 - __main__ - INFO - Running Integration Tests...
2025-10-13 13:00:58,151 - __main__ - INFO - Testing core component imports...
2025-10-13 13:00:58,801 - __main__ - INFO - PASSED Integration Tests: 3 tests passed
2025-10-13 13:00:58,801 - __main__ - INFO - Running Performance Tests...
2025-10-13 13:00:58,801 - __main__ - INFO - Testing system performance...
2025-10-13 13:00:58,941 - src.config.mode_manager - INFO - Database directory ensured for LIVE: data
2025-10-13 13:00:58,941 - src.config.mode_manager - INFO - Database directory ensured for DEMO: data
2025-10-13 13:00:58,941 - src.config.mode_manager - INFO - Mode Manager initialized. Current mode: DEMO
2025-10-13 13:00:58,942 - src.config.database - INFO - Database schema created for LIVE mode
2025-10-13 13:00:58,942 - src.config.database - INFO - Database initialized for LIVE mode: data/trading_live.db
2025-10-13 13:00:58,943 - src.config.database - INFO - Database schema created for DEMO mode
2025-10-13 13:00:58,943 - src.config.database - INFO - Database initialized for DEMO mode: data/trading_demo.db
2025-10-13 13:00:58,957 - __main__ - ERROR - FAILED Performance Tests: 1 tests failed
2025-10-13 13:00:58,957 - __main__ - INFO - Running Security Tests...
2025-10-13 13:00:58,957 - __main__ - INFO - Testing security components...
2025-10-13 13:00:58,964 - __main__ - INFO - PASSED Security Tests: 3 tests passed
2025-10-13 13:00:58,964 - __main__ - INFO - Running End-to-End Tests...
2025-10-13 13:00:58,964 - __main__ - INFO - Testing end-to-end system integration...
2025-10-13 13:01:00,711 - __main__ - ERROR - FAILED End-to-End Tests: 3 tests failed
2025-10-13 13:01:00,711 - __main__ - INFO - Running Monitoring Tests...
2025-10-13 13:01:00,757 - __main__ - INFO - PASSED Monitoring Tests: 6 tests passed
2025-10-13 13:01:00,758 - __main__ - INFO - Running Phase Validation Tests...
2025-10-13 13:01:00,758 - __main__ - INFO - Testing phase validation components...
2025-10-13 13:01:00,767 - __main__ - ERROR - FAILED Phase Validation Tests: 1 tests failed
2025-10-13 13:01:00,767 - __main__ - INFO - Comprehensive validation tests completed
2025-10-13 13:01:00,768 - __main__ - INFO - Comprehensive validation completed: 57.1% success rate
2025-10-13 13:02:27,507 - __main__ - INFO - Starting comprehensive validation tests...
2025-10-13 13:02:27,507 - __main__ - INFO - Running Integration Tests...
2025-10-13 13:02:27,507 - __main__ - INFO - Testing core component imports...
2025-10-13 13:02:28,115 - __main__ - INFO - PASSED Integration Tests: 3 tests passed
2025-10-13 13:02:28,115 - __main__ - INFO - Running Performance Tests...
2025-10-13 13:02:28,115 - __main__ - INFO - Testing system performance...
2025-10-13 13:02:28,257 - src.config.mode_manager - INFO - Database directory ensured for LIVE: data
2025-10-13 13:02:28,257 - src.config.mode_manager - INFO - Database directory ensured for DEMO: data
2025-10-13 13:02:28,257 - src.config.mode_manager - INFO - Mode Manager initialized. Current mode: DEMO
2025-10-13 13:02:28,258 - src.config.database - INFO - Database schema created for LIVE mode
2025-10-13 13:02:28,258 - src.config.database - INFO - Database initialized for LIVE mode: data/trading_live.db
2025-10-13 13:02:28,259 - src.config.database - INFO - Database schema created for DEMO mode
2025-10-13 13:02:28,260 - src.config.database - INFO - Database initialized for DEMO mode: data/trading_demo.db
2025-10-13 13:02:28,273 - __main__ - INFO - PASSED Performance Tests: 3 tests passed
2025-10-13 13:02:28,273 - __main__ - INFO - Running Security Tests...
2025-10-13 13:02:28,273 - __main__ - INFO - Testing security components...
2025-10-13 13:02:28,280 - __main__ - INFO - PASSED Security Tests: 3 tests passed
2025-10-13 13:02:28,280 - __main__ - INFO - Running End-to-End Tests...
2025-10-13 13:02:28,280 - __main__ - INFO - Testing end-to-end system integration...
2025-10-13 13:02:30,996 - __main__ - ERROR - FAILED End-to-End Tests: 1 tests failed
2025-10-13 13:02:30,996 - __main__ - INFO - Running Monitoring Tests...
2025-10-13 13:02:31,019 - __main__ - INFO - PASSED Monitoring Tests: 6 tests passed
2025-10-13 13:02:31,020 - __main__ - INFO - Running Phase Validation Tests...
2025-10-13 13:02:31,020 - __main__ - INFO - Testing phase validation components...
2025-10-13 13:02:31,022 - __main__ - INFO - PASSED Phase Validation Tests: 3 tests passed
2025-10-13 13:02:31,022 - __main__ - INFO - Comprehensive validation tests completed
2025-10-13 13:02:31,023 - __main__ - INFO - Comprehensive validation completed: 85.7% success rate
2025-10-13 13:02:56,346 - __main__ - INFO - Starting comprehensive validation tests...
2025-10-13 13:02:56,346 - __main__ - INFO - Running Integration Tests...
2025-10-13 13:02:56,346 - __main__ - INFO - Testing core component imports...
2025-10-13 13:02:56,946 - __main__ - INFO - PASSED Integration Tests: 3 tests passed
2025-10-13 13:02:56,946 - __main__ - INFO - Running Performance Tests...
2025-10-13 13:02:56,946 - __main__ - INFO - Testing system performance...
2025-10-13 13:02:57,085 - src.config.mode_manager - INFO - Database directory ensured for LIVE: data
2025-10-13 13:02:57,085 - src.config.mode_manager - INFO - Database directory ensured for DEMO: data
2025-10-13 13:02:57,085 - src.config.mode_manager - INFO - Mode Manager initialized. Current mode: DEMO
2025-10-13 13:02:57,086 - src.config.database - INFO - Database schema created for LIVE mode
2025-10-13 13:02:57,086 - src.config.database - INFO - Database initialized for LIVE mode: data/trading_live.db
2025-10-13 13:02:57,087 - src.config.database - INFO - Database schema created for DEMO mode
2025-10-13 13:02:57,087 - src.config.database - INFO - Database initialized for DEMO mode: data/trading_demo.db
2025-10-13 13:02:57,100 - __main__ - INFO - PASSED Performance Tests: 3 tests passed
2025-10-13 13:02:57,100 - __main__ - INFO - Running Security Tests...
2025-10-13 13:02:57,100 - __main__ - INFO - Testing security components...
2025-10-13 13:02:57,107 - __main__ - INFO - PASSED Security Tests: 3 tests passed
2025-10-13 13:02:57,107 - __main__ - INFO - Running End-to-End Tests...
2025-10-13 13:02:57,107 - __main__ - INFO - Testing end-to-end system integration...
2025-10-13 13:02:59,608 - __main__ - ERROR - FAILED End-to-End Tests: 1 tests failed
2025-10-13 13:02:59,608 - __main__ - INFO - Running Monitoring Tests...
2025-10-13 13:02:59,635 - __main__ - INFO - PASSED Monitoring Tests: 6 tests passed
2025-10-13 13:02:59,635 - __main__ - INFO - Running Phase Validation Tests...
2025-10-13 13:02:59,636 - __main__ - INFO - Testing phase validation components...
2025-10-13 13:02:59,637 - __main__ - INFO - PASSED Phase Validation Tests: 3 tests passed
2025-10-13 13:02:59,637 - __main__ - INFO - Comprehensive validation tests completed
2025-10-13 13:02:59,638 - __main__ - INFO - Comprehensive validation completed: 85.7% success rate
2025-10-13 13:04:16,121 - __main__ - INFO - Starting comprehensive validation tests...
2025-10-13 13:04:16,121 - __main__ - INFO - Running Integration Tests...
2025-10-13 13:04:16,121 - __main__ - INFO - Testing core component imports...
2025-10-13 13:04:16,803 - __main__ - INFO - PASSED Integration Tests: 3 tests passed
2025-10-13 13:04:16,803 - __main__ - INFO - Running Performance Tests...
2025-10-13 13:04:16,803 - __main__ - INFO - Testing system performance...
2025-10-13 13:04:16,951 - src.config.mode_manager - INFO - Database directory ensured for LIVE: data
2025-10-13 13:04:16,951 - src.config.mode_manager - INFO - Database directory ensured for DEMO: data
2025-10-13 13:04:16,951 - src.config.mode_manager - INFO - Mode Manager initialized. Current mode: DEMO
2025-10-13 13:04:16,952 - src.config.database - INFO - Database schema created for LIVE mode
2025-10-13 13:04:16,953 - src.config.database - INFO - Database initialized for LIVE mode: data/trading_live.db
2025-10-13 13:04:16,954 - src.config.database - INFO - Database schema created for DEMO mode
2025-10-13 13:04:16,954 - src.config.database - INFO - Database initialized for DEMO mode: data/trading_demo.db
2025-10-13 13:04:16,968 - __main__ - INFO - PASSED Performance Tests: 3 tests passed
2025-10-13 13:04:16,968 - __main__ - INFO - Running Security Tests...
2025-10-13 13:04:16,968 - __main__ - INFO - Testing security components...
2025-10-13 13:04:16,975 - __main__ - INFO - PASSED Security Tests: 3 tests passed
2025-10-13 13:04:16,975 - __main__ - INFO - Running End-to-End Tests...
2025-10-13 13:04:16,975 - __main__ - INFO - Testing end-to-end system integration...
2025-10-13 13:04:19,547 - __main__ - INFO - PASSED End-to-End Tests: 3 tests passed
2025-10-13 13:04:19,547 - __main__ - INFO - Running Monitoring Tests...
2025-10-13 13:04:19,571 - __main__ - INFO - PASSED Monitoring Tests: 6 tests passed
2025-10-13 13:04:19,571 - __main__ - INFO - Running Phase Validation Tests...
2025-10-13 13:04:19,571 - __main__ - INFO - Testing phase validation components...
2025-10-13 13:04:19,573 - __main__ - INFO - PASSED Phase Validation Tests: 3 tests passed
2025-10-13 13:04:19,573 - __main__ - INFO - Comprehensive validation tests completed
2025-10-13 13:04:19,573 - __main__ - INFO - Comprehensive validation completed: 100.0% success rate
2025-10-13 17:37:24,347 - INFO - Database schema created for LIVE mode
2025-10-13 17:37:24,347 - INFO - Database initialized for LIVE mode: data/trading_live.db
2025-10-13 17:37:24,350 - INFO - Database schema created for DEMO mode
2025-10-13 17:37:24,350 - INFO - Database initialized for DEMO mode: data/trading_demo.db
2025-10-13 17:37:24,372 - INFO - Phase test_phase STARTED
2025-10-13 17:37:24,487 - WARNING - Phase timer test_phase not found
2025-10-13 17:37:26,304 - INFO - Data Quality Validator initialized
2025-10-13 17:37:27,212 - INFO - Database directory ensured for LIVE: data
2025-10-13 17:37:27,213 - INFO - Database directory ensured for DEMO: data
2025-10-13 17:37:27,213 - INFO - Mode Manager initialized. Current mode: DEMO
2025-10-13 17:37:27,214 - INFO - Loaded 1 calibration windows from database
2025-10-13 17:37:27,214 - INFO - Confidence Calibrator initialized with 30 day window
2025-10-13 17:37:27,217 - INFO - Adaptive Weight Manager initialized with 7 day window
2025-10-13 17:37:27,229 - INFO - Position Manager initialized
2025-10-13 17:37:27,229 - INFO - Risk Manager initialized
2025-10-13 17:37:27,230 - INFO - ATR Bracket Manager initialized
2025-10-13 17:37:27,231 - INFO - Regime Detector initialized
2025-10-13 17:37:28,427 - INFO - OllamaLifecycleManager initialized with max_concurrent_models=2
2025-10-13 17:37:28,433 - INFO - Loaded 8 feature flags from data/feature_flags.json
2025-10-13 17:37:28,434 - INFO - FeatureFlagManager initialized with 8 flags
2025-10-13 17:37:28,445 - INFO - ============================================================
2025-10-13 17:37:28,446 - INFO - ============================================================
2025-10-13 17:37:28,448 - INFO - ============================================================
2025-10-13 21:50:39,094 - __main__ - INFO - Starting comprehensive validation tests...
2025-10-13 21:50:39,094 - __main__ - INFO - Running Integration Tests...
2025-10-13 21:50:39,094 - __main__ - INFO - Testing core component imports...
2025-10-13 21:50:39,168 - __main__ - ERROR - FAILED Integration Tests: 3 tests failed
2025-10-13 21:50:39,169 - __main__ - INFO - Running Performance Tests...
2025-10-13 21:50:39,169 - __main__ - INFO - Testing system performance...
2025-10-13 21:50:42,186 - src.config.database - INFO - Database schema created for LIVE mode
2025-10-13 21:50:42,186 - src.config.database - INFO - Database initialized for LIVE mode: data/trading_live.db
2025-10-13 21:50:42,189 - src.config.database - INFO - Database schema created for DEMO mode
2025-10-13 21:50:42,189 - src.config.database - INFO - Database initialized for DEMO mode: data/trading_demo.db
2025-10-13 21:50:42,201 - __main__ - ERROR - FAILED Performance Tests: 1 tests failed
2025-10-13 21:50:42,201 - __main__ - INFO - Running Security Tests...
2025-10-13 21:50:42,201 - __main__ - INFO - Testing security components...
2025-10-13 21:50:42,214 - __main__ - INFO - PASSED Security Tests: 3 tests passed
2025-10-13 21:50:42,214 - __main__ - INFO - Running End-to-End Tests...
2025-10-13 21:50:42,214 - __main__ - INFO - Testing end-to-end system integration...
2025-10-13 21:50:48,340 - __main__ - ERROR - FAILED End-to-End Tests: 2 tests failed
2025-10-13 21:50:48,340 - __main__ - INFO - Running Monitoring Tests...
2025-10-13 21:50:48,380 - __main__ - INFO - PASSED Monitoring Tests: 6 tests passed
2025-10-13 21:50:48,381 - __main__ - INFO - Running Phase Validation Tests...
2025-10-13 21:50:48,381 - __main__ - INFO - Testing phase validation components...
2025-10-13 21:50:48,391 - __main__ - ERROR - FAILED Phase Validation Tests: 2 tests failed
2025-10-13 21:50:48,391 - __main__ - INFO - Comprehensive validation tests completed
2025-10-13 21:50:48,392 - __main__ - INFO - Comprehensive validation completed: 42.9% success rate
2025-10-13 23:22:09,933 - __main__ - INFO - Starting comprehensive validation tests...
2025-10-13 23:22:09,933 - __main__ - INFO - Running Integration Tests...
2025-10-13 23:22:09,933 - __main__ - INFO - Testing core component imports...
2025-10-13 23:22:11,238 - __main__ - INFO - PASSED Integration Tests: 3 tests passed
2025-10-13 23:22:11,238 - __main__ - INFO - Running Performance Tests...
2025-10-13 23:22:11,239 - __main__ - INFO - Testing system performance...
2025-10-13 23:22:11,359 - src.config.database - INFO - Database schema created for LIVE mode
2025-10-13 23:22:11,360 - src.config.database - INFO - Database initialized for LIVE mode: data/trading_live.db
2025-10-13 23:22:11,362 - src.config.database - INFO - Database schema created for DEMO mode
2025-10-13 23:22:11,362 - src.config.database - INFO - Database initialized for DEMO mode: data/trading_demo.db
2025-10-13 23:22:11,363 - __main__ - INFO - PASSED Performance Tests: 3 tests passed
2025-10-13 23:22:11,363 - __main__ - INFO - Running Security Tests...
2025-10-13 23:22:11,363 - __main__ - INFO - Testing security components...
2025-10-13 23:22:11,369 - __main__ - INFO - PASSED Security Tests: 3 tests passed
2025-10-13 23:22:11,369 - __main__ - INFO - Running End-to-End Tests...
2025-10-13 23:22:11,369 - __main__ - INFO - Testing end-to-end system integration...
2025-10-13 23:22:11,642 - src.integration.master_orchestrator - INFO - Master Orchestrator initialized with all AI components
2025-10-13 23:22:11,642 - __main__ - INFO - PASSED End-to-End Tests: 3 tests passed
2025-10-13 23:22:11,642 - __main__ - INFO - Running Monitoring Tests...
2025-10-13 23:22:11,656 - __main__ - INFO - PASSED Monitoring Tests: 6 tests passed
2025-10-13 23:22:11,656 - __main__ - INFO - Running Phase Validation Tests...
2025-10-13 23:22:11,656 - __main__ - INFO - Testing phase validation components...
2025-10-13 23:22:13,500 - __main__ - ERROR - FAILED Phase Validation Tests: 1 tests failed
2025-10-13 23:22:13,500 - __main__ - INFO - Comprehensive validation tests completed
2025-10-13 23:22:13,500 - __main__ - INFO - Comprehensive validation completed: 85.7% success rate
2025-10-13 23:25:22,854 - __main__ - INFO - Starting comprehensive validation tests...
2025-10-13 23:25:22,854 - __main__ - INFO - Running Integration Tests...
2025-10-13 23:25:22,854 - __main__ - INFO - Testing core component imports...
2025-10-13 23:25:24,064 - __main__ - INFO - [PASS] Trading cycle imports successful
2025-10-13 23:25:24,064 - __main__ - INFO - [PASS] Execution engine imports successful
2025-10-13 23:25:24,064 - __main__ - INFO - [PASS] Position manager imports successful
2025-10-13 23:25:24,064 - __main__ - INFO - PASSED Integration Tests: 3 tests passed
2025-10-13 23:25:24,064 - __main__ - INFO - Running Performance Tests...
2025-10-13 23:25:24,064 - __main__ - INFO - Testing system performance...
2025-10-13 23:25:24,150 - __main__ - INFO - [PASS] AI ensemble import speed: 0.086s
2025-10-13 23:25:24,153 - src.config.database - INFO - Database schema created for LIVE mode
2025-10-13 23:25:24,153 - src.config.database - INFO - Database initialized for LIVE mode: data/trading_live.db
2025-10-13 23:25:24,155 - src.config.database - INFO - Database schema created for DEMO mode
2025-10-13 23:25:24,155 - src.config.database - INFO - Database initialized for DEMO mode: data/trading_demo.db
2025-10-13 23:25:24,155 - __main__ - INFO - [PASS] Database connection speed: 0.005s
2025-10-13 23:25:24,155 - __main__ - INFO - [PASS] Memory usage: 148.0MB
2025-10-13 23:25:24,155 - __main__ - INFO - PASSED Performance Tests: 3 tests passed
2025-10-13 23:25:24,155 - __main__ - INFO - Running Security Tests...
2025-10-13 23:25:24,155 - __main__ - INFO - Testing security components...
2025-10-13 23:25:24,157 - __main__ - INFO - [PASS] Security validator imports successful
2025-10-13 23:25:24,158 - __main__ - INFO - [PASS] Hallucination detector imports successful
2025-10-13 23:25:24,159 - __main__ - INFO - [PASS] Change tracker imports successful
2025-10-13 23:25:24,159 - __main__ - INFO - PASSED Security Tests: 3 tests passed
2025-10-13 23:25:24,159 - __main__ - INFO - Running End-to-End Tests...
2025-10-13 23:25:24,159 - __main__ - INFO - Testing end-to-end system integration...
2025-10-13 23:25:24,388 - __main__ - INFO - [PASS] Main system imports successful
2025-10-13 23:25:24,388 - __main__ - INFO - [PASS] Master Orchestrator imports successful
2025-10-13 23:25:24,388 - src.integration.master_orchestrator - INFO - Master Orchestrator initialized with all AI components
2025-10-13 23:25:24,388 - __main__ - INFO - [PASS] Trading system instantiation successful
2025-10-13 23:25:24,389 - __main__ - INFO - PASSED End-to-End Tests: 3 tests passed
2025-10-13 23:25:24,389 - __main__ - INFO - Running Monitoring Tests...
2025-10-13 23:25:24,402 - __main__ - INFO - PASSED Monitoring Tests: 6 tests passed
2025-10-13 23:25:24,402 - __main__ - INFO - Running Phase Validation Tests...
2025-10-13 23:25:24,402 - __main__ - INFO - Testing phase validation components...
2025-10-13 23:25:24,402 - __main__ - INFO - [PASS] Phase 1 components imports successful
2025-10-13 23:25:24,405 - __main__ - INFO - [PASS] Phase 2 components imports successful
2025-10-13 23:25:26,143 - __main__ - INFO - [PASS] Phase 3 components imports successful
2025-10-13 23:25:26,143 - __main__ - INFO - PASSED Phase Validation Tests: 3 tests passed
2025-10-13 23:25:26,143 - __main__ - INFO - Comprehensive validation tests completed
2025-10-13 23:25:26,144 - __main__ - INFO - Comprehensive validation completed: 100.0% success rate
2025-10-13 23:58:36,959 - __main__ - INFO - Starting comprehensive validation tests...
2025-10-13 23:58:36,960 - __main__ - INFO - Running Integration Tests...
2025-10-13 23:58:36,960 - __main__ - INFO - Testing core component imports...
2025-10-13 23:58:38,306 - __main__ - INFO - [PASS] Trading cycle imports successful
2025-10-13 23:58:38,306 - __main__ - INFO - [PASS] Execution engine imports successful
2025-10-13 23:58:38,306 - __main__ - INFO - [PASS] Position manager imports successful
2025-10-13 23:58:38,306 - __main__ - INFO - PASSED Integration Tests: 3 tests passed
2025-10-13 23:58:38,306 - __main__ - INFO - Running Performance Tests...
2025-10-13 23:58:38,306 - __main__ - INFO - Testing system performance...
2025-10-13 23:58:38,410 - __main__ - INFO - [PASS] AI ensemble import speed: 0.104s
2025-10-13 23:58:38,413 - src.config.database - INFO - Database schema created for LIVE mode
2025-10-13 23:58:38,413 - src.config.database - INFO - Database initialized for LIVE mode: data/trading_live.db
2025-10-13 23:58:38,415 - src.config.database - INFO - Database schema created for DEMO mode
2025-10-13 23:58:38,416 - src.config.database - INFO - Database initialized for DEMO mode: data/trading_demo.db
2025-10-13 23:58:38,416 - __main__ - INFO - [PASS] Database connection speed: 0.006s
2025-10-13 23:58:38,416 - __main__ - INFO - [PASS] Memory usage: 148.0MB
2025-10-13 23:58:38,416 - __main__ - INFO - PASSED Performance Tests: 3 tests passed
2025-10-13 23:58:38,416 - __main__ - INFO - Running Security Tests...
2025-10-13 23:58:38,416 - __main__ - INFO - Testing security components...
2025-10-13 23:58:38,418 - __main__ - INFO - [PASS] Security validator imports successful
2025-10-13 23:58:38,419 - __main__ - INFO - [PASS] Hallucination detector imports successful
2025-10-13 23:58:38,421 - __main__ - INFO - [PASS] Change tracker imports successful
2025-10-13 23:58:38,421 - __main__ - INFO - PASSED Security Tests: 3 tests passed
2025-10-13 23:58:38,421 - __main__ - INFO - Running End-to-End Tests...
2025-10-13 23:58:38,421 - __main__ - INFO - Testing end-to-end system integration...
2025-10-13 23:58:38,760 - __main__ - INFO - [PASS] Main system imports successful
2025-10-13 23:58:38,760 - __main__ - INFO - [PASS] Master Orchestrator imports successful
2025-10-13 23:58:38,760 - src.ai.model_communication_hub - INFO - Model Communication Hub initialized: model_communication_hub
2025-10-13 23:58:38,760 - src.ai.intelligent_model_selector - INFO - Intelligent Model Selector initialized: intelligent_model_selector
2025-10-13 23:58:38,760 - src.ai.model_performance_learner - INFO - Model Performance Learner initialized: model_performance_learner
2025-10-13 23:58:38,760 - src.ai.performance_prediction_system - INFO - Performance Prediction System initialized: performance_prediction_system
2025-10-13 23:58:38,760 - src.ai.market_condition_analyzer - INFO - Market Condition Analyzer initialized: market_condition_analyzer
2025-10-13 23:58:38,760 - src.ai.cross_model_validator - INFO - Cross-Model Validator initialized: cross_model_validator
2025-10-13 23:58:38,761 - __main__ - INFO - [PASS] Trading system instantiation successful
2025-10-13 23:58:38,761 - __main__ - INFO - PASSED End-to-End Tests: 3 tests passed
2025-10-13 23:58:38,761 - __main__ - INFO - Running Monitoring Tests...
2025-10-13 23:58:38,822 - __main__ - INFO - PASSED Monitoring Tests: 6 tests passed
2025-10-13 23:58:38,822 - __main__ - INFO - Running Phase Validation Tests...
2025-10-13 23:58:38,822 - __main__ - INFO - Testing phase validation components...
2025-10-13 23:58:38,822 - __main__ - INFO - [PASS] Phase 1 components imports successful
2025-10-13 23:58:38,827 - __main__ - INFO - [PASS] Phase 2 components imports successful
2025-10-13 23:58:40,958 - __main__ - INFO - [PASS] Phase 3 components imports successful
2025-10-13 23:58:40,958 - __main__ - INFO - PASSED Phase Validation Tests: 3 tests passed
2025-10-13 23:58:40,958 - __main__ - INFO - Comprehensive validation tests completed
2025-10-13 23:58:40,959 - __main__ - INFO - Comprehensive validation completed: 100.0% success rate
